<?xml version="1.0" encoding="UTF-8"?>
<!-- Generated by org.testng.reporters.JUnitReportReporter -->
<testsuite hostname="Rietesh" failures="0" tests="3" name="website.Homepage1" time="0.005" errors="0" timestamp="2022-04-02T12:58:09 IST" skipped="0">
  <testcase classname="website.Homepage1" name="search" time="0.002"/>
  <system-out/>
  <testcase classname="website.Homepage1" name="check" time="0.002"/>
  <system-out>
    <![CDATA[this is the test case 2]]>
  </system-out>
  <testcase classname="website.Homepage1" name="verify4" time="0.001"/>
  <system-out>
    <![CDATA[this is the test case 3]]>
  </system-out>
</testsuite> <!-- website.Homepage1 -->
