<?xml version="1.0" encoding="UTF-8"?>
<!-- Generated by org.testng.reporters.JUnitReportReporter -->
<testsuite hostname="Rietesh" failures="0" tests="2" name="parallelTesting.ParallelClassExecution1" time="0.019" errors="0" timestamp="2022-04-14T15:03:59 IST" skipped="0">
  <testcase classname="parallelTesting.ParallelClassExecution1" name="test2" time="0.005"/>
  <system-out/>
  <testcase classname="parallelTesting.ParallelClassExecution1" name="test1" time="0.014"/>
  <system-out/>
</testsuite> <!-- parallelTesting.ParallelClassExecution1 -->
