<?xml version="1.0" encoding="UTF-8"?>
<!-- Generated by org.testng.reporters.JUnitReportReporter -->
<testsuite hostname="Rietesh" failures="0" tests="2" name="dependonMethodDisc.DependOnAnotherMethod" time="0.001" errors="0" timestamp="2022-04-04T07:34:07 IST" skipped="1">
  <testcase classname="dependonMethodDisc.DependOnAnotherMethod" name="myinfo" time="0.000">
    <skipped/>
  </testcase> <!-- myinfo -->
  <system-out/>
  <testcase classname="dependonMethodDisc.DependOnAnotherMethod" name="dropbox" time="0.001"/>
  <system-out/>
</testsuite> <!-- dependonMethodDisc.DependOnAnotherMethod -->
