<?xml version="1.0" encoding="UTF-8"?>
<!-- Generated by org.testng.reporters.JUnitReportReporter -->
<testsuite hostname="Rietesh" failures="0" tests="4" name="testNG.Sequence" time="0.026" errors="0" timestamp="2022-03-31T16:30:56 IST" skipped="0">
  <testcase classname="testNG.Sequence" name="prince" time="0.018"/>
  <system-out/>
  <testcase classname="testNG.Sequence" name="bike" time="0.003"/>
  <system-out/>
  <testcase classname="testNG.Sequence" name="house" time="0.002"/>
  <system-out/>
  <testcase classname="testNG.Sequence" name="car" time="0.003"/>
  <system-out/>
</testsuite> <!-- testNG.Sequence -->
