<?xml version="1.0" encoding="UTF-8"?>
<!-- Generated by org.testng.reporters.JUnitReportReporter -->
<testsuite hostname="Rietesh" failures="0" tests="2" name="MultipleTC.DashBoard" time="0.002" errors="0" timestamp="2022-03-31T19:34:38 IST" skipped="0">
  <testcase classname="MultipleTC.DashBoard" name="handlingPopup" time="0.001"/>
  <system-out>
    <![CDATA[pop up testcase]]>
  </system-out>
  <testcase classname="MultipleTC.DashBoard" name="checkBox" time="0.001"/>
  <system-out>
    <![CDATA[check box test case]]>
  </system-out>
</testsuite> <!-- MultipleTC.DashBoard -->
