<?xml version="1.0" encoding="UTF-8"?>
<!-- Generated by org.testng.reporters.JUnitReportReporter -->
<testsuite hostname="Rietesh" failures="0" tests="1" name="parallelTesting.FbGoSingletc" time="6.916" errors="0" timestamp="2022-04-05T14:23:09 IST" skipped="0">
  <testcase classname="parallelTesting.FbGoSingletc" name="url" time="6.916"/>
  <system-out/>
</testsuite> <!-- parallelTesting.FbGoSingletc -->
