<?xml version="1.0" encoding="UTF-8"?>
<!-- Generated by org.testng.reporters.JUnitReportReporter -->
<testsuite hostname="Rietesh" failures="0" tests="1" name="MultipleTC.Profile" time="0.000" errors="0" timestamp="2022-03-31T19:34:38 IST" skipped="0">
  <testcase classname="MultipleTC.Profile" name="logout" time="0.000"/>
  <system-out>
    <![CDATA[Logout test case]]>
  </system-out>
</testsuite> <!-- MultipleTC.Profile -->
