<?xml version="1.0" encoding="UTF-8"?>
<!-- Generated by org.testng.reporters.JUnitReportReporter -->
<testsuite hostname="Rietesh" failures="0" tests="3" name="multipleTCsequence.AddToKart" time="0.002" errors="0" timestamp="2022-04-01T11:56:37 IST" skipped="0">
  <testcase classname="multipleTCsequence.AddToKart" name="add" time="0.001"/>
  <system-out/>
  <testcase classname="multipleTCsequence.AddToKart" name="remove" time="0.000"/>
  <system-out>
    <![CDATA[this is the test case 2]]>
  </system-out>
  <testcase classname="multipleTCsequence.AddToKart" name="change" time="0.001"/>
  <system-out>
    <![CDATA[this is the test case 3]]>
  </system-out>
</testsuite> <!-- multipleTCsequence.AddToKart -->
