<?xml version="1.0" encoding="UTF-8"?>
<!-- Generated by org.testng.reporters.JUnitReportReporter -->
<testsuite hostname="Rietesh" failures="0" tests="2" name="GroupingTC.BeforeAndAfter" time="0.004" errors="0" timestamp="2022-04-05T10:51:30 IST" skipped="0">
  <testcase classname="GroupingTC.BeforeAndAfter" name="corefunctionality" time="0.003"/>
  <system-out/>
  <testcase classname="GroupingTC.BeforeAndAfter" name="profile" time="0.001"/>
  <system-out/>
</testsuite> <!-- GroupingTC.BeforeAndAfter -->
