<?xml version="1.0" encoding="UTF-8"?>
<!-- Generated by org.testng.reporters.JUnitReportReporter -->
<testsuite hostname="Rietesh" failures="0" tests="4" name="testNG.InvocationCount" time="0.008" errors="0" timestamp="2022-03-31T15:30:28 IST" skipped="0">
  <testcase classname="testNG.InvocationCount" name="logut" time="0.007"/>
  <system-out/>
  <testcase classname="testNG.InvocationCount" name="logut" time="0.000"/>
  <system-out/>
  <testcase classname="testNG.InvocationCount" name="logut" time="0.000"/>
  <system-out/>
  <testcase classname="testNG.InvocationCount" name="dashboard" time="0.001"/>
  <system-out/>
</testsuite> <!-- testNG.InvocationCount -->
