<?xml version="1.0" encoding="UTF-8"?>
<!-- Generated by org.testng.reporters.JUnitReportReporter -->
<testsuite hostname="Rietesh" failures="0" tests="1" name="failedtestcaseExecution.TestclassListener" time="13.064" errors="0" timestamp="2022-04-07T11:52:16 IST" skipped="0">
  <testcase classname="failedtestcaseExecution.TestclassListener" name="LoginWithIncorrectData" time="13.064"/>
  <system-out/>
</testsuite> <!-- failedtestcaseExecution.TestclassListener -->
