<?xml version="1.0" encoding="UTF-8"?>
<!-- Generated by org.testng.reporters.JUnitReportReporter -->
<testsuite hostname="Rietesh" failures="0" tests="1" name="BrowserAnnotation.AcualAnnotation" time="0.005" errors="0" timestamp="2022-04-02T13:58:49 IST" skipped="0">
  <testcase classname="BrowserAnnotation.AcualAnnotation" name="myTC" time="0.005"/>
  <system-out/>
</testsuite> <!-- BrowserAnnotation.AcualAnnotation -->
