<?xml version="1.0" encoding="UTF-8"?>
<!-- Generated by org.testng.reporters.JUnitReportReporter -->
<testsuite hostname="Rietesh" failures="0" tests="3" name="GroupingTC.Group1" time="0.003" errors="0" timestamp="2022-04-04T12:14:58 IST" skipped="0">
  <testcase classname="GroupingTC.Group1" name="login" time="0.001"/>
  <system-out/>
  <testcase classname="GroupingTC.Group1" name="corefunctionality" time="0.001"/>
  <system-out/>
  <testcase classname="GroupingTC.Group1" name="payment" time="0.001"/>
  <system-out/>
</testsuite> <!-- GroupingTC.Group1 -->
