<?xml version="1.0" encoding="UTF-8"?>
<!-- Generated by org.testng.reporters.JUnitReportReporter -->
<testsuite hostname="Rietesh" failures="0" tests="2" name="dependonMethodDisc.Dependancy2" time="0.020" errors="0" timestamp="2022-04-04T17:19:40 IST" skipped="0">
  <testcase classname="dependonMethodDisc.Dependancy2" name="profile" time="0.017"/>
  <system-out/>
  <testcase classname="dependonMethodDisc.Dependancy2" name="payment" time="0.003"/>
  <system-out/>
</testsuite> <!-- dependonMethodDisc.Dependancy2 -->
