<?xml version="1.0" encoding="UTF-8"?>
<!-- Generated by org.testng.reporters.JUnitReportReporter -->
<testsuite hostname="Rietesh" failures="0" tests="2" name="MultipleTC.Login" time="0.009" errors="0" timestamp="2022-03-31T19:34:38 IST" skipped="0">
  <testcase classname="MultipleTC.Login" name="loginWithCorrectCreds" time="0.008"/>
  <system-out>
    <![CDATA[This is test case 2]]>
  </system-out>
  <testcase classname="MultipleTC.Login" name="urlVerification" time="0.001"/>
  <system-out>
    <![CDATA[This is test case 1
This is test case next line]]>
  </system-out>
</testsuite> <!-- MultipleTC.Login -->
