<?xml version="1.0" encoding="UTF-8"?>
<!-- Generated by org.testng.reporters.JUnitReportReporter -->
<testsuite hostname="Rietesh" failures="0" tests="3" name="website.Login1" time="0.008" errors="0" timestamp="2022-04-02T12:58:09 IST" skipped="0">
  <testcase classname="website.Login1" name="username1" time="0.004"/>
  <system-out/>
  <testcase classname="website.Login1" name="password2" time="0.003"/>
  <system-out>
    <![CDATA[this is the test case 2]]>
  </system-out>
  <testcase classname="website.Login1" name="submit3" time="0.001"/>
  <system-out>
    <![CDATA[this is the test case 3]]>
  </system-out>
</testsuite> <!-- website.Login1 -->
