<?xml version="1.0" encoding="UTF-8"?>
<!-- Generated by org.testng.reporters.JUnitReportReporter -->
<testsuite hostname="Rietesh" failures="0" tests="3" name="multipleTCsequence.Payment" time="0.003" errors="0" timestamp="2022-04-01T11:56:36 IST" skipped="0">
  <testcase classname="multipleTCsequence.Payment" name="address" time="0.001"/>
  <system-out/>
  <testcase classname="multipleTCsequence.Payment" name="count" time="0.001"/>
  <system-out>
    <![CDATA[this is the test case 2]]>
  </system-out>
  <testcase classname="multipleTCsequence.Payment" name="placed" time="0.001"/>
  <system-out>
    <![CDATA[this is the test case 3]]>
  </system-out>
</testsuite> <!-- multipleTCsequence.Payment -->
