<?xml version="1.0" encoding="UTF-8"?>
<!-- Generated by org.testng.reporters.JUnitReportReporter -->
<testsuite hostname="Rietesh" failures="0" tests="2" name="parallelTesting.ParallelClassExecution2" time="0.020" errors="0" timestamp="2022-04-14T15:03:59 IST" skipped="0">
  <testcase classname="parallelTesting.ParallelClassExecution2" name="test3" time="0.015"/>
  <system-out/>
  <testcase classname="parallelTesting.ParallelClassExecution2" name="test4" time="0.005"/>
  <system-out/>
</testsuite> <!-- parallelTesting.ParallelClassExecution2 -->
