<?xml version="1.0" encoding="UTF-8"?>
<!-- Generated by org.testng.reporters.JUnitReportReporter -->
<testsuite hostname="Rietesh" failures="0" tests="1" name="failedtestcaseExecution.FailedTCscreenshot" time="24.794" errors="0" timestamp="2022-04-07T07:34:55 IST" skipped="0">
  <testcase classname="failedtestcaseExecution.FailedTCscreenshot" name="ss" time="24.794"/>
  <system-out/>
</testsuite> <!-- failedtestcaseExecution.FailedTCscreenshot -->
