<?xml version="1.0" encoding="UTF-8"?>
<!-- Generated by org.testng.reporters.JUnitReportReporter -->
<testsuite hostname="Rietesh" failures="0" tests="1" name="multipleTCannotation.Homepage" time="0.002" errors="0" timestamp="2022-04-02T11:44:37 IST" skipped="0">
  <testcase classname="multipleTCannotation.Homepage" name="verify4" time="0.002"/>
  <system-out>
    <![CDATA[this is the test case 3]]>
  </system-out>
</testsuite> <!-- multipleTCannotation.Homepage -->
