<?xml version="1.0" encoding="UTF-8"?>
<!-- Generated by org.testng.reporters.JUnitReportReporter -->
<testsuite hostname="Rietesh" failures="0" tests="3" name="multipleTCannotation.LogIn" time="0.007" errors="0" timestamp="2022-04-02T11:44:37 IST" skipped="0">
  <testcase classname="multipleTCannotation.LogIn" name="username1" time="0.005"/>
  <system-out/>
  <testcase classname="multipleTCannotation.LogIn" name="password2" time="0.001"/>
  <system-out>
    <![CDATA[this is the test case 2]]>
  </system-out>
  <testcase classname="multipleTCannotation.LogIn" name="submit3" time="0.001"/>
  <system-out>
    <![CDATA[this is the test case 3]]>
  </system-out>
</testsuite> <!-- multipleTCannotation.LogIn -->
