<?xml version="1.0" encoding="UTF-8"?>
<!-- Generated by org.testng.reporters.JUnitReportReporter -->
<testsuite hostname="Rietesh" failures="0" tests="3" name="multipleTCsequence.LogIn" time="0.012" errors="0" timestamp="2022-04-01T11:56:36 IST" skipped="0">
  <testcase classname="multipleTCsequence.LogIn" name="username" time="0.009"/>
  <system-out/>
  <testcase classname="multipleTCsequence.LogIn" name="password" time="0.002"/>
  <system-out>
    <![CDATA[this is the test case 2]]>
  </system-out>
  <testcase classname="multipleTCsequence.LogIn" name="submit" time="0.001"/>
  <system-out>
    <![CDATA[this is the test case 3]]>
  </system-out>
</testsuite> <!-- multipleTCsequence.LogIn -->
