<?xml version="1.0" encoding="UTF-8"?>
<!-- Generated by org.testng.reporters.JUnitReportReporter -->
<testsuite hostname="Rietesh" failures="0" tests="3" name="parallelTesting.Parallel" time="24.735" errors="0" timestamp="2022-04-04T19:34:52 IST" skipped="0">
  <testcase classname="parallelTesting.Parallel" name="facebook" time="8.614"/>
  <system-out/>
  <testcase classname="parallelTesting.Parallel" name="google" time="7.440"/>
  <system-out/>
  <testcase classname="parallelTesting.Parallel" name="openwheather" time="8.681"/>
  <system-out/>
</testsuite> <!-- parallelTesting.Parallel -->
