<?xml version="1.0" encoding="UTF-8"?>
<!-- Generated by org.testng.reporters.JUnitReportReporter -->
<testsuite hostname="Rietesh" failures="0" tests="2" name="parallelTesting.TestTagExecutionInParallel2" time="0.002" errors="0" timestamp="2022-04-05T14:07:20 IST" skipped="0">
  <testcase classname="parallelTesting.TestTagExecutionInParallel2" name="Getinfo" time="0.001"/>
  <system-out/>
  <testcase classname="parallelTesting.TestTagExecutionInParallel2" name="Getinfo" time="0.001"/>
  <system-out/>
</testsuite> <!-- parallelTesting.TestTagExecutionInParallel2 -->
