<?xml version="1.0" encoding="UTF-8"?>
<!-- Generated by org.testng.reporters.JUnitReportReporter -->
<testsuite hostname="Rietesh" failures="0" tests="4" name="TestNG.SequenceofTC" time="0.010" errors="0" timestamp="2022-03-30T14:12:46 IST" skipped="0">
  <testcase classname="TestNG.SequenceofTC" name="prince" time="0.002"/>
  <system-out/>
  <testcase classname="TestNG.SequenceofTC" name="house" time="0.007"/>
  <system-out/>
  <testcase classname="TestNG.SequenceofTC" name="car" time="0.001"/>
  <system-out/>
  <testcase classname="TestNG.SequenceofTC" name="bike" time="0.000"/>
  <system-out/>
</testsuite> <!-- TestNG.SequenceofTC -->
