<?xml version="1.0" encoding="UTF-8"?>
<!-- Generated by org.testng.reporters.JUnitReportReporter -->
<testsuite hostname="Rietesh" failures="0" tests="3" name="dependonMethodDisc.InclusionAndExclusion" time="0.023" errors="0" timestamp="2022-04-04T11:25:10 IST" skipped="0">
  <testcase classname="dependonMethodDisc.InclusionAndExclusion" name="dashboard" time="0.019"/>
  <system-out/>
  <testcase classname="dependonMethodDisc.InclusionAndExclusion" name="profile" time="0.002"/>
  <system-out/>
  <testcase classname="dependonMethodDisc.InclusionAndExclusion" name="logout" time="0.002"/>
  <system-out/>
</testsuite> <!-- dependonMethodDisc.InclusionAndExclusion -->
