<?xml version="1.0" encoding="UTF-8"?>
<!-- Generated by org.testng.reporters.JUnitReportReporter -->
<testsuite hostname="Rietesh" failures="0" tests="2" name="parallelTesting.TestTagExecutionInParallel" time="15.714" errors="0" timestamp="2022-04-05T14:07:20 IST" skipped="0">
  <testcase classname="parallelTesting.TestTagExecutionInParallel" name="GetURL" time="7.764"/>
  <system-out/>
  <testcase classname="parallelTesting.TestTagExecutionInParallel" name="GetURL" time="7.950"/>
  <system-out/>
</testsuite> <!-- parallelTesting.TestTagExecutionInParallel -->
