<?xml version="1.0" encoding="UTF-8"?>
<!-- Generated by org.testng.reporters.JUnitReportReporter -->
<testsuite hostname="Rietesh" failures="0" tests="2" name="TestNG.RunTC" time="9.546" errors="0" timestamp="2022-03-30T13:44:18 IST" skipped="0">
  <testcase classname="TestNG.RunTC" name="secondTC" time="0.001"/>
  <system-out/>
  <testcase classname="TestNG.RunTC" name="firstTC" time="9.545"/>
  <system-out/>
</testsuite> <!-- TestNG.RunTC -->
